2022/04/21 18:27:02 [notice] 1#1: using the "epoll" event method
2022/04/21 18:27:02 [notice] 1#1: nginx/1.20.1
2022/04/21 18:27:02 [notice] 1#1: built by gcc 10.2.1 20201203 (Alpine 10.2.1_pre1) 
2022/04/21 18:27:02 [notice] 1#1: OS: Linux 5.10.102.1-microsoft-standard-WSL2
2022/04/21 18:27:02 [notice] 1#1: getrlimit(RLIMIT_NOFILE): 1048576:1048576
2022/04/21 18:27:02 [notice] 1#1: start worker processes
2022/04/21 18:27:02 [notice] 1#1: start worker process 23
2022/04/21 18:27:02 [notice] 1#1: start worker process 24
2022/04/21 18:27:02 [notice] 1#1: start worker process 25
2022/04/21 18:27:02 [notice] 1#1: start worker process 26
2022/04/21 18:27:02 [notice] 1#1: start worker process 27
2022/04/21 18:27:02 [notice] 1#1: start worker process 28
2022/04/21 18:27:02 [notice] 1#1: start worker process 29
2022/04/21 18:27:02 [notice] 1#1: start worker process 30
2022/04/21 19:20:02 [notice] 1#1: signal 3 (SIGQUIT) received, shutting down
2022/04/21 19:20:02 [notice] 24#24: gracefully shutting down
2022/04/21 19:20:02 [notice] 23#23: gracefully shutting down
2022/04/21 19:20:02 [notice] 25#25: gracefully shutting down
2022/04/21 19:20:02 [notice] 27#27: gracefully shutting down
2022/04/21 19:20:02 [notice] 26#26: gracefully shutting down
2022/04/21 19:20:02 [notice] 28#28: gracefully shutting down
2022/04/21 19:20:02 [notice] 29#29: gracefully shutting down
2022/04/21 19:20:02 [notice] 30#30: gracefully shutting down
2022/04/21 19:20:02 [notice] 24#24: exiting
2022/04/21 19:20:02 [notice] 23#23: exiting
2022/04/21 19:20:02 [notice] 25#25: exiting
2022/04/21 19:20:02 [notice] 27#27: exiting
2022/04/21 19:20:02 [notice] 26#26: exiting
2022/04/21 19:20:02 [notice] 28#28: exiting
2022/04/21 19:20:02 [notice] 29#29: exiting
2022/04/21 19:20:02 [notice] 30#30: exiting
2022/04/21 19:20:02 [notice] 24#24: exit
2022/04/21 19:20:02 [notice] 23#23: exit
2022/04/21 19:20:02 [notice] 25#25: exit
2022/04/21 19:20:02 [notice] 27#27: exit
2022/04/21 19:20:02 [notice] 26#26: exit
2022/04/21 19:20:02 [notice] 28#28: exit
2022/04/21 19:20:02 [notice] 29#29: exit
2022/04/21 19:20:02 [notice] 30#30: exit
2022/04/21 19:20:02 [notice] 1#1: signal 17 (SIGCHLD) received from 27
2022/04/21 19:20:02 [notice] 1#1: worker process 27 exited with code 0
2022/04/21 19:20:02 [notice] 1#1: worker process 28 exited with code 0
2022/04/21 19:20:02 [notice] 1#1: signal 29 (SIGIO) received
2022/04/21 19:20:02 [notice] 1#1: signal 17 (SIGCHLD) received from 28
2022/04/21 19:20:02 [notice] 1#1: signal 17 (SIGCHLD) received from 26
2022/04/21 19:20:02 [notice] 1#1: worker process 23 exited with code 0
2022/04/21 19:20:02 [notice] 1#1: worker process 24 exited with code 0
2022/04/21 19:20:02 [notice] 1#1: worker process 26 exited with code 0
2022/04/21 19:20:02 [notice] 1#1: worker process 29 exited with code 0
2022/04/21 19:20:02 [notice] 1#1: worker process 30 exited with code 0
2022/04/21 19:20:02 [notice] 1#1: signal 29 (SIGIO) received
2022/04/21 19:20:02 [notice] 1#1: signal 17 (SIGCHLD) received from 29
2022/04/21 19:20:02 [notice] 1#1: signal 17 (SIGCHLD) received from 25
2022/04/21 19:20:02 [notice] 1#1: worker process 25 exited with code 0
2022/04/21 19:20:02 [notice] 1#1: exit
2022/04/21 19:20:03 [notice] 1#1: using the "epoll" event method
2022/04/21 19:20:03 [notice] 1#1: nginx/1.20.1
2022/04/21 19:20:03 [notice] 1#1: built by gcc 10.2.1 20201203 (Alpine 10.2.1_pre1) 
2022/04/21 19:20:03 [notice] 1#1: OS: Linux 5.10.102.1-microsoft-standard-WSL2
2022/04/21 19:20:03 [notice] 1#1: getrlimit(RLIMIT_NOFILE): 1048576:1048576
2022/04/21 19:20:03 [notice] 1#1: start worker processes
2022/04/21 19:20:03 [notice] 1#1: start worker process 22
2022/04/21 19:20:03 [notice] 1#1: start worker process 23
2022/04/21 19:20:03 [notice] 1#1: start worker process 24
2022/04/21 19:20:03 [notice] 1#1: start worker process 25
2022/04/21 19:20:03 [notice] 1#1: start worker process 26
2022/04/21 19:20:03 [notice] 1#1: start worker process 27
2022/04/21 19:20:03 [notice] 1#1: start worker process 28
2022/04/21 19:20:03 [notice] 1#1: start worker process 29
2022/04/21 19:32:05 [notice] 1#1: signal 3 (SIGQUIT) received, shutting down
2022/04/21 19:32:05 [notice] 22#22: gracefully shutting down
2022/04/21 19:32:05 [notice] 23#23: gracefully shutting down
2022/04/21 19:32:05 [notice] 24#24: gracefully shutting down
2022/04/21 19:32:05 [notice] 25#25: gracefully shutting down
2022/04/21 19:32:05 [notice] 26#26: gracefully shutting down
2022/04/21 19:32:05 [notice] 28#28: gracefully shutting down
2022/04/21 19:32:05 [notice] 27#27: gracefully shutting down
2022/04/21 19:32:05 [notice] 29#29: gracefully shutting down
2022/04/21 19:32:05 [notice] 22#22: exiting
2022/04/21 19:32:05 [notice] 23#23: exiting
2022/04/21 19:32:05 [notice] 24#24: exiting
2022/04/21 19:32:05 [notice] 25#25: exiting
2022/04/21 19:32:05 [notice] 26#26: exiting
2022/04/21 19:32:05 [notice] 28#28: exiting
2022/04/21 19:32:05 [notice] 27#27: exiting
2022/04/21 19:32:05 [notice] 29#29: exiting
2022/04/21 19:32:05 [notice] 22#22: exit
2022/04/21 19:32:05 [notice] 23#23: exit
2022/04/21 19:32:05 [notice] 24#24: exit
2022/04/21 19:32:05 [notice] 25#25: exit
2022/04/21 19:32:05 [notice] 26#26: exit
2022/04/21 19:32:05 [notice] 28#28: exit
2022/04/21 19:32:05 [notice] 27#27: exit
2022/04/21 19:32:05 [notice] 29#29: exit
2022/04/21 19:32:06 [notice] 1#1: signal 17 (SIGCHLD) received from 26
2022/04/21 19:32:06 [notice] 1#1: worker process 26 exited with code 0
2022/04/21 19:32:06 [notice] 1#1: signal 29 (SIGIO) received
2022/04/21 19:32:06 [notice] 1#1: signal 17 (SIGCHLD) received from 25
2022/04/21 19:32:06 [notice] 1#1: worker process 23 exited with code 0
2022/04/21 19:32:06 [notice] 1#1: worker process 24 exited with code 0
2022/04/21 19:32:06 [notice] 1#1: worker process 25 exited with code 0
2022/04/21 19:32:06 [notice] 1#1: worker process 29 exited with code 0
2022/04/21 19:32:06 [notice] 1#1: signal 29 (SIGIO) received
2022/04/21 19:32:06 [notice] 1#1: signal 17 (SIGCHLD) received from 22
2022/04/21 19:32:06 [notice] 1#1: worker process 22 exited with code 0
2022/04/21 19:32:06 [notice] 1#1: worker process 27 exited with code 0
2022/04/21 19:32:06 [notice] 1#1: worker process 28 exited with code 0
2022/04/21 19:32:06 [notice] 1#1: exit
2022/04/21 19:32:07 [notice] 1#1: using the "epoll" event method
2022/04/21 19:32:07 [notice] 1#1: nginx/1.20.1
2022/04/21 19:32:07 [notice] 1#1: built by gcc 10.2.1 20201203 (Alpine 10.2.1_pre1) 
2022/04/21 19:32:07 [notice] 1#1: OS: Linux 5.10.102.1-microsoft-standard-WSL2
2022/04/21 19:32:07 [notice] 1#1: getrlimit(RLIMIT_NOFILE): 1048576:1048576
2022/04/21 19:32:07 [notice] 1#1: start worker processes
2022/04/21 19:32:07 [notice] 1#1: start worker process 23
2022/04/21 19:32:07 [notice] 1#1: start worker process 24
2022/04/21 19:32:07 [notice] 1#1: start worker process 25
2022/04/21 19:32:07 [notice] 1#1: start worker process 26
2022/04/21 19:32:07 [notice] 1#1: start worker process 27
2022/04/21 19:32:07 [notice] 1#1: start worker process 28
2022/04/21 19:32:07 [notice] 1#1: start worker process 29
2022/04/21 19:32:07 [notice] 1#1: start worker process 30
2022/04/21 19:42:15 [notice] 1#1: signal 3 (SIGQUIT) received, shutting down
2022/04/21 19:42:15 [notice] 23#23: gracefully shutting down
2022/04/21 19:42:15 [notice] 24#24: gracefully shutting down
2022/04/21 19:42:15 [notice] 25#25: gracefully shutting down
2022/04/21 19:42:15 [notice] 26#26: gracefully shutting down
2022/04/21 19:42:15 [notice] 28#28: gracefully shutting down
2022/04/21 19:42:15 [notice] 27#27: gracefully shutting down
2022/04/21 19:42:15 [notice] 27#27: exiting
2022/04/21 19:42:15 [notice] 29#29: gracefully shutting down
2022/04/21 19:42:15 [notice] 29#29: exiting
2022/04/21 19:42:15 [notice] 30#30: gracefully shutting down
2022/04/21 19:42:15 [notice] 23#23: exiting
2022/04/21 19:42:15 [notice] 24#24: exiting
2022/04/21 19:42:15 [notice] 25#25: exiting
2022/04/21 19:42:15 [notice] 26#26: exiting
2022/04/21 19:42:15 [notice] 28#28: exiting
2022/04/21 19:42:15 [notice] 27#27: exit
2022/04/21 19:42:15 [notice] 29#29: exit
2022/04/21 19:42:15 [notice] 30#30: exiting
2022/04/21 19:42:15 [notice] 23#23: exit
2022/04/21 19:42:15 [notice] 24#24: exit
2022/04/21 19:42:15 [notice] 25#25: exit
2022/04/21 19:42:15 [notice] 26#26: exit
2022/04/21 19:42:15 [notice] 28#28: exit
2022/04/21 19:42:15 [notice] 30#30: exit
2022/04/21 19:42:15 [notice] 1#1: signal 17 (SIGCHLD) received from 25
2022/04/21 19:42:15 [notice] 1#1: worker process 25 exited with code 0
2022/04/21 19:42:15 [notice] 1#1: signal 29 (SIGIO) received
2022/04/21 19:42:15 [notice] 1#1: signal 17 (SIGCHLD) received from 27
2022/04/21 19:42:15 [notice] 1#1: worker process 23 exited with code 0
2022/04/21 19:42:15 [notice] 1#1: worker process 24 exited with code 0
2022/04/21 19:42:15 [notice] 1#1: worker process 27 exited with code 0
2022/04/21 19:42:15 [notice] 1#1: worker process 28 exited with code 0
2022/04/21 19:42:15 [notice] 1#1: signal 29 (SIGIO) received
2022/04/21 19:42:15 [notice] 1#1: signal 17 (SIGCHLD) received from 30
2022/04/21 19:42:15 [notice] 1#1: worker process 30 exited with code 0
2022/04/21 19:42:15 [notice] 1#1: signal 29 (SIGIO) received
2022/04/21 19:42:15 [notice] 1#1: signal 17 (SIGCHLD) received from 29
2022/04/21 19:42:15 [notice] 1#1: worker process 26 exited with code 0
2022/04/21 19:42:15 [notice] 1#1: worker process 29 exited with code 0
2022/04/21 19:42:15 [notice] 1#1: exit
2022/04/21 19:42:16 [notice] 1#1: using the "epoll" event method
2022/04/21 19:42:16 [notice] 1#1: nginx/1.20.1
2022/04/21 19:42:16 [notice] 1#1: built by gcc 10.2.1 20201203 (Alpine 10.2.1_pre1) 
2022/04/21 19:42:16 [notice] 1#1: OS: Linux 5.10.102.1-microsoft-standard-WSL2
2022/04/21 19:42:16 [notice] 1#1: getrlimit(RLIMIT_NOFILE): 1048576:1048576
2022/04/21 19:42:16 [notice] 1#1: start worker processes
2022/04/21 19:42:16 [notice] 1#1: start worker process 22
2022/04/21 19:42:16 [notice] 1#1: start worker process 23
2022/04/21 19:42:16 [notice] 1#1: start worker process 24
2022/04/21 19:42:16 [notice] 1#1: start worker process 25
2022/04/21 19:42:16 [notice] 1#1: start worker process 26
2022/04/21 19:42:16 [notice] 1#1: start worker process 27
2022/04/21 19:42:16 [notice] 1#1: start worker process 28
2022/04/21 19:42:16 [notice] 1#1: start worker process 29
2022/04/21 20:43:37 [notice] 1#1: signal 3 (SIGQUIT) received, shutting down
2022/04/21 20:43:37 [notice] 22#22: gracefully shutting down
2022/04/21 20:43:37 [notice] 23#23: gracefully shutting down
2022/04/21 20:43:37 [notice] 24#24: gracefully shutting down
2022/04/21 20:43:37 [notice] 25#25: gracefully shutting down
2022/04/21 20:43:37 [notice] 27#27: gracefully shutting down
2022/04/21 20:43:37 [notice] 27#27: exiting
2022/04/21 20:43:37 [notice] 28#28: gracefully shutting down
2022/04/21 20:43:37 [notice] 26#26: gracefully shutting down
2022/04/21 20:43:37 [notice] 29#29: gracefully shutting down
2022/04/21 20:43:37 [notice] 29#29: exiting
2022/04/21 20:43:37 [notice] 22#22: exiting
2022/04/21 20:43:37 [notice] 23#23: exiting
2022/04/21 20:43:37 [notice] 24#24: exiting
2022/04/21 20:43:37 [notice] 25#25: exiting
2022/04/21 20:43:37 [notice] 27#27: exit
2022/04/21 20:43:37 [notice] 28#28: exiting
2022/04/21 20:43:37 [notice] 26#26: exiting
2022/04/21 20:43:37 [notice] 29#29: exit
2022/04/21 20:43:37 [notice] 22#22: exit
2022/04/21 20:43:37 [notice] 23#23: exit
2022/04/21 20:43:37 [notice] 24#24: exit
2022/04/21 20:43:37 [notice] 25#25: exit
2022/04/21 20:43:37 [notice] 28#28: exit
2022/04/21 20:43:37 [notice] 26#26: exit
2022/04/21 20:43:37 [notice] 1#1: signal 17 (SIGCHLD) received from 27
2022/04/21 20:43:37 [notice] 1#1: worker process 24 exited with code 0
2022/04/21 20:43:37 [notice] 1#1: worker process 26 exited with code 0
2022/04/21 20:43:37 [notice] 1#1: worker process 27 exited with code 0
2022/04/21 20:43:37 [notice] 1#1: worker process 28 exited with code 0
2022/04/21 20:43:37 [notice] 1#1: signal 29 (SIGIO) received
2022/04/21 20:43:37 [notice] 1#1: signal 17 (SIGCHLD) received from 29
2022/04/21 20:43:37 [notice] 1#1: worker process 22 exited with code 0
2022/04/21 20:43:37 [notice] 1#1: worker process 25 exited with code 0
2022/04/21 20:43:37 [notice] 1#1: worker process 29 exited with code 0
2022/04/21 20:43:37 [notice] 1#1: signal 29 (SIGIO) received
2022/04/21 20:43:37 [notice] 1#1: signal 17 (SIGCHLD) received from 23
2022/04/21 20:43:37 [notice] 1#1: worker process 23 exited with code 0
2022/04/21 20:43:37 [notice] 1#1: exit
2022/04/21 20:43:39 [notice] 1#1: using the "epoll" event method
2022/04/21 20:43:39 [notice] 1#1: nginx/1.20.1
2022/04/21 20:43:39 [notice] 1#1: built by gcc 10.2.1 20201203 (Alpine 10.2.1_pre1) 
2022/04/21 20:43:39 [notice] 1#1: OS: Linux 5.10.102.1-microsoft-standard-WSL2
2022/04/21 20:43:39 [notice] 1#1: getrlimit(RLIMIT_NOFILE): 1048576:1048576
2022/04/21 20:43:39 [notice] 1#1: start worker processes
2022/04/21 20:43:39 [notice] 1#1: start worker process 23
2022/04/21 20:43:39 [notice] 1#1: start worker process 24
2022/04/21 20:43:39 [notice] 1#1: start worker process 25
2022/04/21 20:43:39 [notice] 1#1: start worker process 26
2022/04/21 20:43:39 [notice] 1#1: start worker process 27
2022/04/21 20:43:39 [notice] 1#1: start worker process 28
2022/04/21 20:43:39 [notice] 1#1: start worker process 29
2022/04/21 20:43:39 [notice] 1#1: start worker process 30
2022/04/21 20:46:13 [notice] 1#1: signal 3 (SIGQUIT) received, shutting down
2022/04/21 20:46:13 [notice] 23#23: gracefully shutting down
2022/04/21 20:46:13 [notice] 30#30: gracefully shutting down
2022/04/21 20:46:13 [notice] 24#24: gracefully shutting down
2022/04/21 20:46:13 [notice] 25#25: gracefully shutting down
2022/04/21 20:46:13 [notice] 26#26: gracefully shutting down
2022/04/21 20:46:13 [notice] 26#26: exiting
2022/04/21 20:46:13 [notice] 27#27: gracefully shutting down
2022/04/21 20:46:13 [notice] 28#28: gracefully shutting down
2022/04/21 20:46:13 [notice] 29#29: gracefully shutting down
2022/04/21 20:46:13 [notice] 23#23: exiting
2022/04/21 20:46:13 [notice] 30#30: exiting
2022/04/21 20:46:13 [notice] 24#24: exiting
2022/04/21 20:46:13 [notice] 25#25: exiting
2022/04/21 20:46:13 [notice] 26#26: exit
2022/04/21 20:46:13 [notice] 27#27: exiting
2022/04/21 20:46:13 [notice] 28#28: exiting
2022/04/21 20:46:13 [notice] 29#29: exiting
2022/04/21 20:46:13 [notice] 23#23: exit
2022/04/21 20:46:13 [notice] 30#30: exit
2022/04/21 20:46:13 [notice] 24#24: exit
2022/04/21 20:46:13 [notice] 25#25: exit
2022/04/21 20:46:13 [notice] 27#27: exit
2022/04/21 20:46:13 [notice] 28#28: exit
2022/04/21 20:46:13 [notice] 29#29: exit
2022/04/21 20:46:14 [notice] 1#1: signal 17 (SIGCHLD) received from 26
2022/04/21 20:46:14 [notice] 1#1: worker process 23 exited with code 0
2022/04/21 20:46:14 [notice] 1#1: worker process 25 exited with code 0
2022/04/21 20:46:14 [notice] 1#1: worker process 26 exited with code 0
2022/04/21 20:46:14 [notice] 1#1: worker process 27 exited with code 0
2022/04/21 20:46:14 [notice] 1#1: signal 29 (SIGIO) received
2022/04/21 20:46:14 [notice] 1#1: signal 17 (SIGCHLD) received from 30
2022/04/21 20:46:14 [notice] 1#1: worker process 24 exited with code 0
2022/04/21 20:46:14 [notice] 1#1: worker process 28 exited with code 0
2022/04/21 20:46:14 [notice] 1#1: worker process 29 exited with code 0
2022/04/21 20:46:14 [notice] 1#1: worker process 30 exited with code 0
2022/04/21 20:46:14 [notice] 1#1: exit
2022/04/21 20:46:16 [notice] 1#1: using the "epoll" event method
2022/04/21 20:46:16 [notice] 1#1: nginx/1.20.1
2022/04/21 20:46:16 [notice] 1#1: built by gcc 10.2.1 20201203 (Alpine 10.2.1_pre1) 
2022/04/21 20:46:16 [notice] 1#1: OS: Linux 5.10.102.1-microsoft-standard-WSL2
2022/04/21 20:46:16 [notice] 1#1: getrlimit(RLIMIT_NOFILE): 1048576:1048576
2022/04/21 20:46:16 [notice] 1#1: start worker processes
2022/04/21 20:46:16 [notice] 1#1: start worker process 22
2022/04/21 20:46:16 [notice] 1#1: start worker process 23
2022/04/21 20:46:16 [notice] 1#1: start worker process 24
2022/04/21 20:46:16 [notice] 1#1: start worker process 25
2022/04/21 20:46:16 [notice] 1#1: start worker process 26
2022/04/21 20:46:16 [notice] 1#1: start worker process 27
2022/04/21 20:46:16 [notice] 1#1: start worker process 28
2022/04/21 20:46:16 [notice] 1#1: start worker process 29
2022/04/21 21:29:44 [notice] 1#1: signal 3 (SIGQUIT) received, shutting down
2022/04/21 21:29:44 [notice] 22#22: gracefully shutting down
2022/04/21 21:29:44 [notice] 22#22: exiting
2022/04/21 21:29:44 [notice] 23#23: gracefully shutting down
2022/04/21 21:29:44 [notice] 23#23: exiting
2022/04/21 21:29:44 [notice] 25#25: gracefully shutting down
2022/04/21 21:29:44 [notice] 24#24: gracefully shutting down
2022/04/21 21:29:44 [notice] 24#24: exiting
2022/04/21 21:29:44 [notice] 26#26: gracefully shutting down
2022/04/21 21:29:44 [notice] 28#28: gracefully shutting down
2022/04/21 21:29:44 [notice] 27#27: gracefully shutting down
2022/04/21 21:29:44 [notice] 27#27: exiting
2022/04/21 21:29:44 [notice] 29#29: gracefully shutting down
2022/04/21 21:29:44 [notice] 22#22: exit
2022/04/21 21:29:44 [notice] 23#23: exit
2022/04/21 21:29:44 [notice] 25#25: exiting
2022/04/21 21:29:44 [notice] 24#24: exit
2022/04/21 21:29:44 [notice] 26#26: exiting
2022/04/21 21:29:44 [notice] 28#28: exiting
2022/04/21 21:29:44 [notice] 27#27: exit
2022/04/21 21:29:44 [notice] 29#29: exiting
2022/04/21 21:29:44 [notice] 25#25: exit
2022/04/21 21:29:44 [notice] 26#26: exit
2022/04/21 21:29:44 [notice] 28#28: exit
2022/04/21 21:29:44 [notice] 29#29: exit
2022/04/21 21:29:44 [notice] 1#1: signal 17 (SIGCHLD) received from 27
2022/04/21 21:29:44 [notice] 1#1: worker process 23 exited with code 0
2022/04/21 21:29:44 [notice] 1#1: worker process 24 exited with code 0
2022/04/21 21:29:44 [notice] 1#1: worker process 27 exited with code 0
2022/04/21 21:29:44 [notice] 1#1: worker process 29 exited with code 0
2022/04/21 21:29:44 [notice] 1#1: signal 29 (SIGIO) received
2022/04/21 21:29:44 [notice] 1#1: signal 17 (SIGCHLD) received from 23
2022/04/21 21:29:44 [notice] 1#1: signal 17 (SIGCHLD) received from 22
2022/04/21 21:29:44 [notice] 1#1: worker process 22 exited with code 0
2022/04/21 21:29:44 [notice] 1#1: worker process 25 exited with code 0
2022/04/21 21:29:44 [notice] 1#1: worker process 26 exited with code 0
2022/04/21 21:29:44 [notice] 1#1: worker process 28 exited with code 0
2022/04/21 21:29:44 [notice] 1#1: exit
2022/04/21 21:30:42 [notice] 1#1: using the "epoll" event method
2022/04/21 21:30:42 [notice] 1#1: nginx/1.20.1
2022/04/21 21:30:42 [notice] 1#1: built by gcc 10.2.1 20201203 (Alpine 10.2.1_pre1) 
2022/04/21 21:30:42 [notice] 1#1: OS: Linux 5.10.102.1-microsoft-standard-WSL2
2022/04/21 21:30:42 [notice] 1#1: getrlimit(RLIMIT_NOFILE): 1048576:1048576
2022/04/21 21:30:42 [notice] 1#1: start worker processes
2022/04/21 21:30:42 [notice] 1#1: start worker process 22
2022/04/21 21:30:42 [notice] 1#1: start worker process 23
2022/04/21 21:30:42 [notice] 1#1: start worker process 24
2022/04/21 21:30:42 [notice] 1#1: start worker process 25
2022/04/21 21:30:42 [notice] 1#1: start worker process 26
2022/04/21 21:30:42 [notice] 1#1: start worker process 27
2022/04/21 21:30:42 [notice] 1#1: start worker process 28
2022/04/21 21:30:42 [notice] 1#1: start worker process 29
2022/04/21 21:34:55 [notice] 1#1: signal 3 (SIGQUIT) received, shutting down
2022/04/21 21:34:55 [notice] 22#22: gracefully shutting down
2022/04/21 21:34:55 [notice] 24#24: gracefully shutting down
2022/04/21 21:34:55 [notice] 25#25: gracefully shutting down
2022/04/21 21:34:55 [notice] 26#26: gracefully shutting down
2022/04/21 21:34:55 [notice] 23#23: gracefully shutting down
2022/04/21 21:34:55 [notice] 27#27: gracefully shutting down
2022/04/21 21:34:55 [notice] 28#28: gracefully shutting down
2022/04/21 21:34:55 [notice] 29#29: gracefully shutting down
2022/04/21 21:34:55 [notice] 22#22: exiting
2022/04/21 21:34:55 [notice] 24#24: exiting
2022/04/21 21:34:55 [notice] 25#25: exiting
2022/04/21 21:34:55 [notice] 26#26: exiting
2022/04/21 21:34:55 [notice] 23#23: exiting
2022/04/21 21:34:55 [notice] 27#27: exiting
2022/04/21 21:34:55 [notice] 28#28: exiting
2022/04/21 21:34:55 [notice] 29#29: exiting
2022/04/21 21:34:55 [notice] 22#22: exit
2022/04/21 21:34:55 [notice] 24#24: exit
2022/04/21 21:34:55 [notice] 25#25: exit
2022/04/21 21:34:55 [notice] 26#26: exit
2022/04/21 21:34:55 [notice] 23#23: exit
2022/04/21 21:34:55 [notice] 27#27: exit
2022/04/21 21:34:55 [notice] 28#28: exit
2022/04/21 21:34:55 [notice] 29#29: exit
2022/04/21 21:34:55 [notice] 1#1: signal 17 (SIGCHLD) received from 25
2022/04/21 21:34:55 [notice] 1#1: worker process 22 exited with code 0
2022/04/21 21:34:55 [notice] 1#1: worker process 25 exited with code 0
2022/04/21 21:34:55 [notice] 1#1: worker process 28 exited with code 0
2022/04/21 21:34:55 [notice] 1#1: signal 29 (SIGIO) received
2022/04/21 21:34:55 [notice] 1#1: signal 17 (SIGCHLD) received from 27
2022/04/21 21:34:55 [notice] 1#1: worker process 27 exited with code 0
2022/04/21 21:34:55 [notice] 1#1: signal 29 (SIGIO) received
2022/04/21 21:34:55 [notice] 1#1: signal 17 (SIGCHLD) received from 26
2022/04/21 21:34:55 [notice] 1#1: worker process 23 exited with code 0
2022/04/21 21:34:55 [notice] 1#1: worker process 24 exited with code 0
2022/04/21 21:34:55 [notice] 1#1: worker process 26 exited with code 0
2022/04/21 21:34:55 [notice] 1#1: worker process 29 exited with code 0
2022/04/21 21:34:55 [notice] 1#1: exit
2022/04/21 21:35:01 [notice] 1#1: using the "epoll" event method
2022/04/21 21:35:01 [notice] 1#1: nginx/1.20.1
2022/04/21 21:35:01 [notice] 1#1: built by gcc 10.2.1 20201203 (Alpine 10.2.1_pre1) 
2022/04/21 21:35:01 [notice] 1#1: OS: Linux 5.10.102.1-microsoft-standard-WSL2
2022/04/21 21:35:01 [notice] 1#1: getrlimit(RLIMIT_NOFILE): 1048576:1048576
2022/04/21 21:35:01 [notice] 1#1: start worker processes
2022/04/21 21:35:01 [notice] 1#1: start worker process 22
2022/04/21 21:35:01 [notice] 1#1: start worker process 23
2022/04/21 21:35:01 [notice] 1#1: start worker process 24
2022/04/21 21:35:01 [notice] 1#1: start worker process 25
2022/04/21 21:35:01 [notice] 1#1: start worker process 26
2022/04/21 21:35:01 [notice] 1#1: start worker process 27
2022/04/21 21:35:01 [notice] 1#1: start worker process 28
2022/04/21 21:35:01 [notice] 1#1: start worker process 29
2022/04/21 21:40:37 [notice] 29#29: signal 15 (SIGTERM) received, exiting
2022/04/21 21:40:37 [notice] 29#29: exiting
2022/04/21 21:40:37 [notice] 29#29: exit
2022/04/21 21:40:37 [notice] 28#28: signal 15 (SIGTERM) received, exiting
2022/04/21 21:40:37 [notice] 22#22: signal 15 (SIGTERM) received, exiting
2022/04/21 21:40:37 [notice] 26#26: signal 15 (SIGTERM) received, exiting
2022/04/21 21:40:37 [notice] 23#23: signal 15 (SIGTERM) received, exiting
2022/04/21 21:40:37 [notice] 24#24: signal 15 (SIGTERM) received, exiting
2022/04/21 21:40:37 [notice] 25#25: signal 15 (SIGTERM) received, exiting
2022/04/21 21:40:37 [notice] 27#27: signal 15 (SIGTERM) received, exiting
2022/04/21 21:40:37 [notice] 1#1: signal 15 (SIGTERM) received, exiting
2022/04/21 21:40:37 [notice] 28#28: exiting
2022/04/21 21:40:37 [notice] 22#22: exiting
2022/04/21 21:40:37 [notice] 26#26: exiting
2022/04/21 21:40:37 [notice] 23#23: exiting
2022/04/21 21:40:37 [notice] 24#24: exiting
2022/04/21 21:40:37 [notice] 25#25: exiting
2022/04/21 21:40:37 [notice] 27#27: exiting
2022/04/21 21:40:37 [notice] 28#28: exit
2022/04/21 21:40:37 [notice] 22#22: exit
2022/04/21 21:40:37 [notice] 26#26: exit
2022/04/21 21:40:37 [notice] 23#23: exit
2022/04/21 21:40:37 [notice] 24#24: exit
2022/04/21 21:40:37 [notice] 25#25: exit
2022/04/21 21:40:37 [notice] 27#27: exit
2022/04/21 21:40:37 [notice] 1#1: signal 14 (SIGALRM) received
2022/04/21 21:40:38 [notice] 1#1: signal 14 (SIGALRM) received
2022/04/21 21:40:38 [notice] 1#1: signal 17 (SIGCHLD) received from 28
2022/04/21 21:40:38 [notice] 1#1: worker process 22 exited with code 0
2022/04/21 21:40:38 [notice] 1#1: worker process 23 exited with code 0
2022/04/21 21:40:38 [notice] 1#1: worker process 25 exited with code 0
2022/04/21 21:40:38 [notice] 1#1: worker process 28 exited with code 0
2022/04/21 21:40:38 [notice] 1#1: signal 29 (SIGIO) received
2022/04/21 21:40:38 [notice] 1#1: signal 17 (SIGCHLD) received from 23
2022/04/21 21:40:38 [notice] 1#1: signal 17 (SIGCHLD) received from 26
2022/04/21 21:40:38 [notice] 1#1: worker process 24 exited with code 0
2022/04/21 21:40:38 [notice] 1#1: worker process 26 exited with code 0
2022/04/21 21:40:38 [notice] 1#1: worker process 27 exited with code 0
2022/04/21 21:40:38 [notice] 1#1: worker process 29 exited with code 0
2022/04/21 21:40:38 [notice] 1#1: exit
2022/04/22 13:08:48 [notice] 1#1: using the "epoll" event method
2022/04/22 13:08:48 [notice] 1#1: nginx/1.20.1
2022/04/22 13:08:48 [notice] 1#1: built by gcc 10.2.1 20201203 (Alpine 10.2.1_pre1) 
2022/04/22 13:08:48 [notice] 1#1: OS: Linux 5.10.102.1-microsoft-standard-WSL2
2022/04/22 13:08:48 [notice] 1#1: getrlimit(RLIMIT_NOFILE): 1048576:1048576
2022/04/22 13:08:48 [notice] 1#1: start worker processes
2022/04/22 13:08:48 [notice] 1#1: start worker process 22
2022/04/22 13:08:48 [notice] 1#1: start worker process 23
2022/04/22 13:08:48 [notice] 1#1: start worker process 24
2022/04/22 13:08:48 [notice] 1#1: start worker process 25
2022/04/22 13:08:48 [notice] 1#1: start worker process 26
2022/04/22 13:08:48 [notice] 1#1: start worker process 27
2022/04/22 13:08:48 [notice] 1#1: start worker process 28
2022/04/22 13:08:48 [notice] 1#1: start worker process 29
2022/04/22 13:25:24 [notice] 1#1: signal 3 (SIGQUIT) received, shutting down
2022/04/22 13:25:24 [notice] 22#22: gracefully shutting down
2022/04/22 13:25:24 [notice] 23#23: gracefully shutting down
2022/04/22 13:25:24 [notice] 23#23: exiting
2022/04/22 13:25:24 [notice] 24#24: gracefully shutting down
2022/04/22 13:25:24 [notice] 25#25: gracefully shutting down
2022/04/22 13:25:24 [notice] 26#26: gracefully shutting down
2022/04/22 13:25:24 [notice] 28#28: gracefully shutting down
2022/04/22 13:25:24 [notice] 29#29: gracefully shutting down
2022/04/22 13:25:24 [notice] 27#27: gracefully shutting down
2022/04/22 13:25:24 [notice] 22#22: exiting
2022/04/22 13:25:24 [notice] 23#23: exit
2022/04/22 13:25:24 [notice] 24#24: exiting
2022/04/22 13:25:24 [notice] 25#25: exiting
2022/04/22 13:25:24 [notice] 26#26: exiting
2022/04/22 13:25:24 [notice] 28#28: exiting
2022/04/22 13:25:24 [notice] 29#29: exiting
2022/04/22 13:25:24 [notice] 27#27: exiting
2022/04/22 13:25:24 [notice] 22#22: exit
2022/04/22 13:25:24 [notice] 24#24: exit
2022/04/22 13:25:24 [notice] 25#25: exit
2022/04/22 13:25:24 [notice] 26#26: exit
2022/04/22 13:25:24 [notice] 28#28: exit
2022/04/22 13:25:24 [notice] 29#29: exit
2022/04/22 13:25:24 [notice] 27#27: exit
2022/04/22 13:25:24 [notice] 1#1: signal 17 (SIGCHLD) received from 29
2022/04/22 13:25:24 [notice] 1#1: worker process 29 exited with code 0
2022/04/22 13:25:24 [notice] 1#1: signal 29 (SIGIO) received
2022/04/22 13:25:24 [notice] 1#1: signal 17 (SIGCHLD) received from 23
2022/04/22 13:25:24 [notice] 1#1: worker process 22 exited with code 0
2022/04/22 13:25:24 [notice] 1#1: worker process 23 exited with code 0
2022/04/22 13:25:24 [notice] 1#1: worker process 26 exited with code 0
2022/04/22 13:25:24 [notice] 1#1: worker process 27 exited with code 0
2022/04/22 13:25:24 [notice] 1#1: signal 29 (SIGIO) received
2022/04/22 13:25:24 [notice] 1#1: signal 17 (SIGCHLD) received from 24
2022/04/22 13:25:24 [notice] 1#1: worker process 24 exited with code 0
2022/04/22 13:25:24 [notice] 1#1: signal 29 (SIGIO) received
2022/04/22 13:25:24 [notice] 1#1: signal 17 (SIGCHLD) received from 25
2022/04/22 13:25:24 [notice] 1#1: worker process 25 exited with code 0
2022/04/22 13:25:24 [notice] 1#1: signal 29 (SIGIO) received
2022/04/22 13:25:24 [notice] 1#1: signal 17 (SIGCHLD) received from 28
2022/04/22 13:25:24 [notice] 1#1: worker process 28 exited with code 0
2022/04/22 13:25:24 [notice] 1#1: exit
2022/04/22 22:16:18 [notice] 1#1: using the "epoll" event method
2022/04/22 22:16:18 [notice] 1#1: nginx/1.20.1
2022/04/22 22:16:18 [notice] 1#1: built by gcc 10.2.1 20201203 (Alpine 10.2.1_pre1) 
2022/04/22 22:16:18 [notice] 1#1: OS: Linux 5.10.102.1-microsoft-standard-WSL2
2022/04/22 22:16:18 [notice] 1#1: getrlimit(RLIMIT_NOFILE): 1048576:1048576
2022/04/22 22:16:18 [notice] 1#1: start worker processes
2022/04/22 22:16:18 [notice] 1#1: start worker process 23
2022/04/22 22:16:18 [notice] 1#1: start worker process 24
2022/04/22 22:16:18 [notice] 1#1: start worker process 25
2022/04/22 22:16:18 [notice] 1#1: start worker process 26
2022/04/22 22:16:18 [notice] 1#1: start worker process 27
2022/04/22 22:16:18 [notice] 1#1: start worker process 28
2022/04/22 22:16:18 [notice] 1#1: start worker process 29
2022/04/22 22:16:18 [notice] 1#1: start worker process 30
2022/04/22 22:29:25 [notice] 1#1: signal 3 (SIGQUIT) received, shutting down
2022/04/22 22:29:25 [notice] 23#23: gracefully shutting down
2022/04/22 22:29:25 [notice] 24#24: gracefully shutting down
2022/04/22 22:29:25 [notice] 25#25: gracefully shutting down
2022/04/22 22:29:25 [notice] 27#27: gracefully shutting down
2022/04/22 22:29:25 [notice] 30#30: gracefully shutting down
2022/04/22 22:29:25 [notice] 26#26: gracefully shutting down
2022/04/22 22:29:25 [notice] 28#28: gracefully shutting down
2022/04/22 22:29:25 [notice] 29#29: gracefully shutting down
2022/04/22 22:29:25 [notice] 23#23: exiting
2022/04/22 22:29:25 [notice] 24#24: exiting
2022/04/22 22:29:25 [notice] 25#25: exiting
2022/04/22 22:29:25 [notice] 27#27: exiting
2022/04/22 22:29:25 [notice] 30#30: exiting
2022/04/22 22:29:25 [notice] 26#26: exiting
2022/04/22 22:29:25 [notice] 28#28: exiting
2022/04/22 22:29:25 [notice] 29#29: exiting
2022/04/22 22:29:25 [notice] 23#23: exit
2022/04/22 22:29:25 [notice] 24#24: exit
2022/04/22 22:29:25 [notice] 25#25: exit
2022/04/22 22:29:25 [notice] 27#27: exit
2022/04/22 22:29:25 [notice] 30#30: exit
2022/04/22 22:29:25 [notice] 26#26: exit
2022/04/22 22:29:25 [notice] 28#28: exit
2022/04/22 22:29:25 [notice] 29#29: exit
2022/04/22 22:29:26 [notice] 1#1: signal 17 (SIGCHLD) received from 27
2022/04/22 22:29:26 [notice] 1#1: worker process 27 exited with code 0
2022/04/22 22:29:26 [notice] 1#1: worker process 28 exited with code 0
2022/04/22 22:29:26 [notice] 1#1: signal 29 (SIGIO) received
2022/04/22 22:29:26 [notice] 1#1: signal 17 (SIGCHLD) received from 29
2022/04/22 22:29:26 [notice] 1#1: worker process 25 exited with code 0
2022/04/22 22:29:26 [notice] 1#1: worker process 29 exited with code 0
2022/04/22 22:29:26 [notice] 1#1: signal 29 (SIGIO) received
2022/04/22 22:29:26 [notice] 1#1: signal 17 (SIGCHLD) received from 24
2022/04/22 22:29:26 [notice] 1#1: worker process 24 exited with code 0
2022/04/22 22:29:26 [notice] 1#1: worker process 26 exited with code 0
2022/04/22 22:29:26 [notice] 1#1: signal 29 (SIGIO) received
2022/04/22 22:29:26 [notice] 1#1: signal 17 (SIGCHLD) received from 23
2022/04/22 22:29:26 [notice] 1#1: worker process 23 exited with code 0
2022/04/22 22:29:26 [notice] 1#1: worker process 30 exited with code 0
2022/04/22 22:29:26 [notice] 1#1: exit
2022/04/22 22:29:32 [notice] 1#1: using the "epoll" event method
2022/04/22 22:29:32 [notice] 1#1: nginx/1.20.1
2022/04/22 22:29:32 [notice] 1#1: built by gcc 10.2.1 20201203 (Alpine 10.2.1_pre1) 
2022/04/22 22:29:32 [notice] 1#1: OS: Linux 5.10.102.1-microsoft-standard-WSL2
2022/04/22 22:29:32 [notice] 1#1: getrlimit(RLIMIT_NOFILE): 1048576:1048576
2022/04/22 22:29:32 [notice] 1#1: start worker processes
2022/04/22 22:29:32 [notice] 1#1: start worker process 22
2022/04/22 22:29:32 [notice] 1#1: start worker process 23
2022/04/22 22:29:32 [notice] 1#1: start worker process 24
2022/04/22 22:29:32 [notice] 1#1: start worker process 25
2022/04/22 22:29:32 [notice] 1#1: start worker process 26
2022/04/22 22:29:32 [notice] 1#1: start worker process 27
2022/04/22 22:29:32 [notice] 1#1: start worker process 28
2022/04/22 22:29:32 [notice] 1#1: start worker process 29
2022/04/22 22:49:53 [notice] 1#1: signal 3 (SIGQUIT) received, shutting down
2022/04/22 22:49:53 [notice] 23#23: gracefully shutting down
2022/04/22 22:49:53 [notice] 23#23: exiting
2022/04/22 22:49:53 [notice] 22#22: gracefully shutting down
2022/04/22 22:49:53 [notice] 22#22: exiting
2022/04/22 22:49:53 [notice] 25#25: gracefully shutting down
2022/04/22 22:49:53 [notice] 25#25: exiting
2022/04/22 22:49:53 [notice] 24#24: gracefully shutting down
2022/04/22 22:49:53 [notice] 24#24: exiting
2022/04/22 22:49:53 [notice] 26#26: gracefully shutting down
2022/04/22 22:49:53 [notice] 26#26: exiting
2022/04/22 22:49:53 [notice] 27#27: gracefully shutting down
2022/04/22 22:49:53 [notice] 28#28: gracefully shutting down
2022/04/22 22:49:53 [notice] 29#29: gracefully shutting down
2022/04/22 22:49:53 [notice] 23#23: exit
2022/04/22 22:49:53 [notice] 22#22: exit
2022/04/22 22:49:53 [notice] 25#25: exit
2022/04/22 22:49:53 [notice] 24#24: exit
2022/04/22 22:49:53 [notice] 26#26: exit
2022/04/22 22:49:53 [notice] 27#27: exiting
2022/04/22 22:49:53 [notice] 28#28: exiting
2022/04/22 22:49:53 [notice] 29#29: exiting
2022/04/22 22:49:53 [notice] 27#27: exit
2022/04/22 22:49:53 [notice] 28#28: exit
2022/04/22 22:49:53 [notice] 29#29: exit
2022/04/22 22:49:53 [notice] 1#1: signal 17 (SIGCHLD) received from 24
2022/04/22 22:49:53 [notice] 1#1: worker process 24 exited with code 0
2022/04/22 22:49:53 [notice] 1#1: signal 29 (SIGIO) received
2022/04/22 22:49:53 [notice] 1#1: signal 17 (SIGCHLD) received from 28
2022/04/22 22:49:53 [notice] 1#1: worker process 22 exited with code 0
2022/04/22 22:49:53 [notice] 1#1: worker process 26 exited with code 0
2022/04/22 22:49:53 [notice] 1#1: worker process 28 exited with code 0
2022/04/22 22:49:53 [notice] 1#1: signal 29 (SIGIO) received
2022/04/22 22:49:53 [notice] 1#1: signal 17 (SIGCHLD) received from 25
2022/04/22 22:49:53 [notice] 1#1: worker process 23 exited with code 0
2022/04/22 22:49:53 [notice] 1#1: worker process 25 exited with code 0
2022/04/22 22:49:53 [notice] 1#1: worker process 27 exited with code 0
2022/04/22 22:49:53 [notice] 1#1: signal 29 (SIGIO) received
2022/04/22 22:49:53 [notice] 1#1: signal 17 (SIGCHLD) received from 29
2022/04/22 22:49:53 [notice] 1#1: worker process 29 exited with code 0
2022/04/22 22:49:53 [notice] 1#1: exit
2022/04/22 22:50:47 [notice] 1#1: using the "epoll" event method
2022/04/22 22:50:47 [notice] 1#1: nginx/1.20.1
2022/04/22 22:50:47 [notice] 1#1: built by gcc 10.2.1 20201203 (Alpine 10.2.1_pre1) 
2022/04/22 22:50:47 [notice] 1#1: OS: Linux 5.10.102.1-microsoft-standard-WSL2
2022/04/22 22:50:47 [notice] 1#1: getrlimit(RLIMIT_NOFILE): 1048576:1048576
2022/04/22 22:50:47 [notice] 1#1: start worker processes
2022/04/22 22:50:47 [notice] 1#1: start worker process 22
2022/04/22 22:50:47 [notice] 1#1: start worker process 23
2022/04/22 22:50:47 [notice] 1#1: start worker process 24
2022/04/22 22:50:47 [notice] 1#1: start worker process 25
2022/04/22 22:50:47 [notice] 1#1: start worker process 26
2022/04/22 22:50:47 [notice] 1#1: start worker process 27
2022/04/22 22:50:47 [notice] 1#1: start worker process 28
2022/04/22 22:50:47 [notice] 1#1: start worker process 29
2022/04/22 22:50:53 [error] 22#22: *2 open() "/var/www/site/favicon.ico" failed (2: No such file or directory), client: 172.19.0.1, server: localhost, request: "GET /favicon.ico HTTP/1.1", host: "localhost", referrer: "http://localhost/"
